# JRE version: OpenJDK Runtime Environment Temurin-21.0.5+11 (21.0.5+11) (build 21.0.5+11-LTS)
# Java VM: OpenJDK 64-Bit Server VM Temurin-21.0.5+11 (21.0.5+11-LTS, mixed mode, sharing, tiered, compressed oops, compressed class ptrs, parallel gc, windows-amd64)
GC Precious Log:
 CardTable entry size: 512
 CPUs: 8 total, 8 available
 Memory: 8006M
 Large Page Support: Disabled
 NUMA Support: Disabled
 Compressed Oops: Enabled (32-bit)
 Alignments: Space 512K, Generation 512K, Heap 2M
 Heap Min Capacity: 100M
 Heap Initial Capacity: 100M
 Heap Max Capacity: 1G
 Pre-touch: Disabled
 Parallel Workers: 8
Heap:
 PSYoungGen      total 4608K, used 4371K [0x00000000eab00000, 0x00000000eb180000, 0x0000000100000000)
  eden space 3584K, 100% used [0x00000000eab00000,0x00000000eae80000,0x00000000eae80000)
  from space 1024K, 76% used [0x00000000eae80000,0x00000000eaf44f80,0x00000000eaf80000)
  to   space 1536K, 80% used [0x00000000eb000000,0x00000000eb134e20,0x00000000eb180000)
 ParOldGen       total 124928K, used 124492K [0x00000000c0000000, 0x00000000c7a00000, 0x00000000eab00000)
  object space 124928K, 99% used [0x00000000c0000000,0x00000000c79933c0,0x00000000c7a00000)
 Metaspace       used 53965K, committed 55296K, reserved 1114112K
  class space    used 5964K, committed 6528K, reserved 1048576K
GC Heap History (20 events):
Event: 14.241 GC heap before
{Heap before GC invocations=76 (full 2):
 PSYoungGen      total 5120K, used 5044K [0x00000000eab00000, 0x00000000eb100000, 0x0000000100000000)
  eden space 4096K, 100% used [0x00000000eab00000,0x00000000eaf00000,0x00000000eaf00000)
  from space 1024K, 92% used [0x00000000eaf00000,0x00000000eafed3d8,0x00000000eb000000)
  to   space 1024K, 0% used [0x00000000eb000000,0x00000000eb000000,0x00000000eb100000)
 ParOldGen       total 115200K, used 114788K [0x00000000c0000000, 0x00000000c7080000, 0x00000000eab00000)
  object space 115200K, 99% used [0x00000000c0000000,0x00000000c7019300,0x00000000c7080000)
 Metaspace       used 53956K, committed 55296K, reserved 1114112K
  class space    used 5964K, committed 6528K, reserved 1048576K
}
Event: 14.243 GC heap after
{Heap after GC invocations=76 (full 2):
 PSYoungGen      total 5120K, used 506K [0x00000000eab00000, 0x00000000eb100000, 0x0000000100000000)
  eden space 4096K, 0% used [0x00000000eab00000,0x00000000eab00000,0x00000000eaf00000)
  from space 1024K, 49% used [0x00000000eb000000,0x00000000eb07e918,0x00000000eb100000)
  to   space 1024K, 0% used [0x00000000eaf00000,0x00000000eaf00000,0x00000000eb000000)
 ParOldGen       total 115712K, used 115574K [0x00000000c0000000, 0x00000000c7100000, 0x00000000eab00000)
  object space 115712K, 99% used [0x00000000c0000000,0x00000000c70ddaf0,0x00000000c7100000)
 Metaspace       used 53956K, committed 55296K, reserved 1114112K
  class space    used 5964K, committed 6528K, reserved 1048576K
}
Event: 14.266 GC heap before
{Heap before GC invocations=77 (full 2):
 PSYoungGen      total 5120K, used 4602K [0x00000000eab00000, 0x00000000eb100000, 0x0000000100000000)
  eden space 4096K, 100% used [0x00000000eab00000,0x00000000eaf00000,0x00000000eaf00000)
  from space 1024K, 49% used [0x00000000eb000000,0x00000000eb07e918,0x00000000eb100000)
  to   space 1024K, 0% used [0x00000000eaf00000,0x00000000eaf00000,0x00000000eb000000)
 ParOldGen       total 115712K, used 115574K [0x00000000c0000000, 0x00000000c7100000, 0x00000000eab00000)
  object space 115712K, 99% used [0x00000000c0000000,0x00000000c70ddaf0,0x00000000c7100000)
 Metaspace       used 53956K, committed 55296K, reserved 1114112K
  class space    used 5964K, committed 6528K, reserved 1048576K
}
Event: 14.268 GC heap after
{Heap after GC invocations=77 (full 2):
 PSYoungGen      total 5120K, used 1003K [0x00000000eab00000, 0x00000000eb200000, 0x0000000100000000)
  eden space 4096K, 0% used [0x00000000eab00000,0x00000000eab00000,0x00000000eaf00000)
  from space 1024K, 98% used [0x00000000eaf00000,0x00000000eaffae50,0x00000000eb000000)
  to   space 1536K, 0% used [0x00000000eb080000,0x00000000eb080000,0x00000000eb200000)
 ParOldGen       total 116224K, used 115992K [0x00000000c0000000, 0x00000000c7180000, 0x00000000eab00000)
  object space 116224K, 99% used [0x00000000c0000000,0x00000000c71461e8,0x00000000c7180000)
 Metaspace       used 53956K, committed 55296K, reserved 1114112K
  class space    used 5964K, committed 6528K, reserved 1048576K
}
Event: 14.288 GC heap before
{Heap before GC invocations=78 (full 2):
 PSYoungGen      total 5120K, used 5099K [0x00000000eab00000, 0x00000000eb200000, 0x0000000100000000)
  eden space 4096K, 100% used [0x00000000eab00000,0x00000000eaf00000,0x00000000eaf00000)
  from space 1024K, 98% used [0x00000000eaf00000,0x00000000eaffae50,0x00000000eb000000)
  to   space 1536K, 0% used [0x00000000eb080000,0x00000000eb080000,0x00000000eb200000)
 ParOldGen       total 116224K, used 115992K [0x00000000c0000000, 0x00000000c7180000, 0x00000000eab00000)
  object space 116224K, 99% used [0x00000000c0000000,0x00000000c71461e8,0x00000000c7180000)
 Metaspace       used 53956K, committed 55296K, reserved 1114112K
  class space    used 5964K, committed 6528K, reserved 1048576K
}
Event: 14.290 GC heap after
{Heap after GC invocations=78 (full 2):
 PSYoungGen      total 5120K, used 956K [0x00000000eab00000, 0x00000000eb180000, 0x0000000100000000)
  eden space 4096K, 0% used [0x00000000eab00000,0x00000000eab00000,0x00000000eaf00000)
  from space 1024K, 93% used [0x00000000eb080000,0x00000000eb16f348,0x00000000eb180000)
  to   space 1024K, 0% used [0x00000000eaf00000,0x00000000eaf00000,0x00000000eb000000)
 ParOldGen       total 117248K, used 116845K [0x00000000c0000000, 0x00000000c7280000, 0x00000000eab00000)
  object space 117248K, 99% used [0x00000000c0000000,0x00000000c721b7c0,0x00000000c7280000)
 Metaspace       used 53956K, committed 55296K, reserved 1114112K
  class space    used 5964K, committed 6528K, reserved 1048576K
}
Event: 14.337 GC heap before
{Heap before GC invocations=79 (full 2):
 PSYoungGen      total 5120K, used 5052K [0x00000000eab00000, 0x00000000eb180000, 0x0000000100000000)
  eden space 4096K, 100% used [0x00000000eab00000,0x00000000eaf00000,0x00000000eaf00000)
  from space 1024K, 93% used [0x00000000eb080000,0x00000000eb16f348,0x00000000eb180000)
  to   space 1024K, 0% used [0x00000000eaf00000,0x00000000eaf00000,0x00000000eb000000)
 ParOldGen       total 117248K, used 116845K [0x00000000c0000000, 0x00000000c7280000, 0x00000000eab00000)
  object space 117248K, 99% used [0x00000000c0000000,0x00000000c721b7c0,0x00000000c7280000)
 Metaspace       used 53956K, committed 55296K, reserved 1114112K
  class space    used 5964K, committed 6528K, reserved 1048576K
}
Event: 14.342 GC heap after
{Heap after GC invocations=79 (full 2):
 PSYoungGen      total 5120K, used 352K [0x00000000eab00000, 0x00000000eb100000, 0x0000000100000000)
  eden space 4096K, 0% used [0x00000000eab00000,0x00000000eab00000,0x00000000eaf00000)
  from space 1024K, 34% used [0x00000000eaf00000,0x00000000eaf58000,0x00000000eb000000)
  to   space 1024K, 0% used [0x00000000eb000000,0x00000000eb000000,0x00000000eb100000)
 ParOldGen       total 119808K, used 119447K [0x00000000c0000000, 0x00000000c7500000, 0x00000000eab00000)
  object space 119808K, 99% used [0x00000000c0000000,0x00000000c74a5f78,0x00000000c7500000)
 Metaspace       used 53956K, committed 55296K, reserved 1114112K
  class space    used 5964K, committed 6528K, reserved 1048576K
}
Event: 14.361 GC heap before
{Heap before GC invocations=80 (full 2):
 PSYoungGen      total 5120K, used 4447K [0x00000000eab00000, 0x00000000eb100000, 0x0000000100000000)
  eden space 4096K, 99% used [0x00000000eab00000,0x00000000eaefff28,0x00000000eaf00000)
  from space 1024K, 34% used [0x00000000eaf00000,0x00000000eaf58000,0x00000000eb000000)
  to   space 1024K, 0% used [0x00000000eb000000,0x00000000eb000000,0x00000000eb100000)
 ParOldGen       total 119808K, used 119447K [0x00000000c0000000, 0x00000000c7500000, 0x00000000eab00000)
  object space 119808K, 99% used [0x00000000c0000000,0x00000000c74a5f78,0x00000000c7500000)
 Metaspace       used 53956K, committed 55296K, reserved 1114112K
  class space    used 5964K, committed 6528K, reserved 1048576K
}
Event: 14.364 GC heap after
{Heap after GC invocations=80 (full 2):
 PSYoungGen      total 4608K, used 973K [0x00000000eab00000, 0x00000000eb200000, 0x0000000100000000)
  eden space 3584K, 0% used [0x00000000eab00000,0x00000000eab00000,0x00000000eae80000)
  from space 1024K, 95% used [0x00000000eb000000,0x00000000eb0f34d0,0x00000000eb100000)
  to   space 1536K, 0% used [0x00000000eae80000,0x00000000eae80000,0x00000000eb000000)
 ParOldGen       total 119808K, used 119629K [0x00000000c0000000, 0x00000000c7500000, 0x00000000eab00000)
  object space 119808K, 99% used [0x00000000c0000000,0x00000000c74d34a8,0x00000000c7500000)
 Metaspace       used 53956K, committed 55296K, reserved 1114112K
  class space    used 5964K, committed 6528K, reserved 1048576K
}
Event: 14.380 GC heap before
{Heap before GC invocations=81 (full 2):
 PSYoungGen      total 4608K, used 4557K [0x00000000eab00000, 0x00000000eb200000, 0x0000000100000000)
  eden space 3584K, 100% used [0x00000000eab00000,0x00000000eae80000,0x00000000eae80000)
  from space 1024K, 95% used [0x00000000eb000000,0x00000000eb0f34d0,0x00000000eb100000)
  to   space 1536K, 0% used [0x00000000eae80000,0x00000000eae80000,0x00000000eb000000)
 ParOldGen       total 119808K, used 119629K [0x00000000c0000000, 0x00000000c7500000, 0x00000000eab00000)
  object space 119808K, 99% used [0x00000000c0000000,0x00000000c74d34a8,0x00000000c7500000)
 Metaspace       used 53956K, committed 55296K, reserved 1114112K
  class space    used 5964K, committed 6528K, reserved 1048576K
}
Event: 14.383 GC heap after
{Heap after GC invocations=81 (full 2):
 PSYoungGen      total 4608K, used 814K [0x00000000eab00000, 0x00000000eb080000, 0x0000000100000000)
  eden space 3584K, 0% used [0x00000000eab00000,0x00000000eab00000,0x00000000eae80000)
  from space 1024K, 79% used [0x00000000eae80000,0x00000000eaf4bb50,0x00000000eaf80000)
  to   space 1024K, 0% used [0x00000000eaf80000,0x00000000eaf80000,0x00000000eb080000)
 ParOldGen       total 120832K, used 120460K [0x00000000c0000000, 0x00000000c7600000, 0x00000000eab00000)
  object space 120832K, 99% used [0x00000000c0000000,0x00000000c75a3288,0x00000000c7600000)
 Metaspace       used 53956K, committed 55296K, reserved 1114112K
  class space    used 5964K, committed 6528K, reserved 1048576K
}
Event: 14.401 GC heap before
{Heap before GC invocations=82 (full 2):
 PSYoungGen      total 4608K, used 4398K [0x00000000eab00000, 0x00000000eb080000, 0x0000000100000000)
  eden space 3584K, 100% used [0x00000000eab00000,0x00000000eae80000,0x00000000eae80000)
  from space 1024K, 79% used [0x00000000eae80000,0x00000000eaf4bb50,0x00000000eaf80000)
  to   space 1024K, 0% used [0x00000000eaf80000,0x00000000eaf80000,0x00000000eb080000)
 ParOldGen       total 120832K, used 120460K [0x00000000c0000000, 0x00000000c7600000, 0x00000000eab00000)
  object space 120832K, 99% used [0x00000000c0000000,0x00000000c75a3288,0x00000000c7600000)
 Metaspace       used 53958K, committed 55296K, reserved 1114112K
  class space    used 5964K, committed 6528K, reserved 1048576K
}
Event: 14.403 GC heap after
{Heap after GC invocations=82 (full 2):
 PSYoungGen      total 4608K, used 608K [0x00000000eab00000, 0x00000000eb080000, 0x0000000100000000)
  eden space 3584K, 0% used [0x00000000eab00000,0x00000000eab00000,0x00000000eae80000)
  from space 1024K, 59% used [0x00000000eaf80000,0x00000000eb018000,0x00000000eb080000)
  to   space 1024K, 0% used [0x00000000eae80000,0x00000000eae80000,0x00000000eaf80000)
 ParOldGen       total 121344K, used 121225K [0x00000000c0000000, 0x00000000c7680000, 0x00000000eab00000)
  object space 121344K, 99% used [0x00000000c0000000,0x00000000c76626c8,0x00000000c7680000)
 Metaspace       used 53958K, committed 55296K, reserved 1114112K
  class space    used 5964K, committed 6528K, reserved 1048576K
}
Event: 14.419 GC heap before
{Heap before GC invocations=83 (full 2):
 PSYoungGen      total 4608K, used 4192K [0x00000000eab00000, 0x00000000eb080000, 0x0000000100000000)
  eden space 3584K, 100% used [0x00000000eab00000,0x00000000eae80000,0x00000000eae80000)
  from space 1024K, 59% used [0x00000000eaf80000,0x00000000eb018000,0x00000000eb080000)
  to   space 1024K, 0% used [0x00000000eae80000,0x00000000eae80000,0x00000000eaf80000)
 ParOldGen       total 121344K, used 121225K [0x00000000c0000000, 0x00000000c7680000, 0x00000000eab00000)
  object space 121344K, 99% used [0x00000000c0000000,0x00000000c76626c8,0x00000000c7680000)
 Metaspace       used 53964K, committed 55296K, reserved 1114112K
  class space    used 5964K, committed 6528K, reserved 1048576K
}
Event: 14.421 GC heap after
{Heap after GC invocations=83 (full 2):
 PSYoungGen      total 4608K, used 772K [0x00000000eab00000, 0x00000000eb080000, 0x0000000100000000)
  eden space 3584K, 0% used [0x00000000eab00000,0x00000000eab00000,0x00000000eae80000)
  from space 1024K, 75% used [0x00000000eae80000,0x00000000eaf41138,0x00000000eaf80000)
  to   space 1024K, 0% used [0x00000000eaf80000,0x00000000eaf80000,0x00000000eb080000)
 ParOldGen       total 121856K, used 121763K [0x00000000c0000000, 0x00000000c7700000, 0x00000000eab00000)
  object space 121856K, 99% used [0x00000000c0000000,0x00000000c76e8f18,0x00000000c7700000)
 Metaspace       used 53964K, committed 55296K, reserved 1114112K
  class space    used 5964K, committed 6528K, reserved 1048576K
}
Event: 14.441 GC heap before
{Heap before GC invocations=84 (full 2):
 PSYoungGen      total 4608K, used 4342K [0x00000000eab00000, 0x00000000eb080000, 0x0000000100000000)
  eden space 3584K, 99% used [0x00000000eab00000,0x00000000eae7ca08,0x00000000eae80000)
  from space 1024K, 75% used [0x00000000eae80000,0x00000000eaf41138,0x00000000eaf80000)
  to   space 1024K, 0% used [0x00000000eaf80000,0x00000000eaf80000,0x00000000eb080000)
 ParOldGen       total 121856K, used 121763K [0x00000000c0000000, 0x00000000c7700000, 0x00000000eab00000)
  object space 121856K, 99% used [0x00000000c0000000,0x00000000c76e8f18,0x00000000c7700000)
 Metaspace       used 53965K, committed 55296K, reserved 1114112K
  class space    used 5964K, committed 6528K, reserved 1048576K
}
Event: 14.444 GC heap after
{Heap after GC invocations=84 (full 2):
 PSYoungGen      total 4608K, used 999K [0x00000000eab00000, 0x00000000eb080000, 0x0000000100000000)
  eden space 3584K, 0% used [0x00000000eab00000,0x00000000eab00000,0x00000000eae80000)
  from space 1024K, 97% used [0x00000000eaf80000,0x00000000eb079f30,0x00000000eb080000)
  to   space 1024K, 0% used [0x00000000eae80000,0x00000000eae80000,0x00000000eaf80000)
 ParOldGen       total 123392K, used 122882K [0x00000000c0000000, 0x00000000c7880000, 0x00000000eab00000)
  object space 123392K, 99% used [0x00000000c0000000,0x00000000c7800b48,0x00000000c7880000)
 Metaspace       used 53965K, committed 55296K, reserved 1114112K
  class space    used 5964K, committed 6528K, reserved 1048576K
}
Event: 14.455 GC heap before
{Heap before GC invocations=85 (full 2):
 PSYoungGen      total 4608K, used 4583K [0x00000000eab00000, 0x00000000eb080000, 0x0000000100000000)
  eden space 3584K, 100% used [0x00000000eab00000,0x00000000eae80000,0x00000000eae80000)
  from space 1024K, 97% used [0x00000000eaf80000,0x00000000eb079f30,0x00000000eb080000)
  to   space 1024K, 0% used [0x00000000eae80000,0x00000000eae80000,0x00000000eaf80000)
 ParOldGen       total 123392K, used 122882K [0x00000000c0000000, 0x00000000c7880000, 0x00000000eab00000)
  object space 123392K, 99% used [0x00000000c0000000,0x00000000c7800b48,0x00000000c7880000)
 Metaspace       used 53965K, committed 55296K, reserved 1114112K
  class space    used 5964K, committed 6528K, reserved 1048576K
}
Event: 14.457 GC heap after
{Heap after GC invocations=85 (full 2):
 PSYoungGen      total 4608K, used 787K [0x00000000eab00000, 0x00000000eb180000, 0x0000000100000000)
  eden space 3584K, 0% used [0x00000000eab00000,0x00000000eab00000,0x00000000eae80000)
  from space 1024K, 76% used [0x00000000eae80000,0x00000000eaf44f80,0x00000000eaf80000)
  to   space 1536K, 0% used [0x00000000eb000000,0x00000000eb000000,0x00000000eb180000)
 ParOldGen       total 124416K, used 123903K [0x00000000c0000000, 0x00000000c7980000, 0x00000000eab00000)
  object space 124416K, 99% used [0x00000000c0000000,0x00000000c78fff70,0x00000000c7980000)
 Metaspace       used 53965K, committed 55296K, reserved 1114112K
  class space    used 5964K, committed 6528K, reserved 1048576K
}

